<?xml version="1.0" encoding="UTF-8"?>
<testsuite name="com.ktk.book.springboot.domain.posts.PostsRepositoryTest" tests="2" skipped="0" failures="0" errors="0" timestamp="2021-04-09T10:27:23" hostname="DESKTOP-JVS2KDR" time="0.304">
  <properties/>
  <testcase name="게시글저장_불러오기" classname="com.ktk.book.springboot.domain.posts.PostsRepositoryTest" time="0.293"/>
  <testcase name="BaseTimeEntity_등록" classname="com.ktk.book.springboot.domain.posts.PostsRepositoryTest" time="0.01"/>
  <system-out><![CDATA[2021-04-09 19:27:19.318  INFO 9808 --- [    Test worker] .b.t.c.SpringBootTestContextBootstrapper : Neither @ContextConfiguration nor @ContextHierarchy found for test class [com.ktk.book.springboot.domain.posts.PostsRepositoryTest], using SpringBootContextLoader
2021-04-09 19:27:19.319  INFO 9808 --- [    Test worker] o.s.t.c.support.AbstractContextLoader    : Could not detect default resource locations for test class [com.ktk.book.springboot.domain.posts.PostsRepositoryTest]: no resource found for suffixes {-context.xml, Context.groovy}.
2021-04-09 19:27:19.319  INFO 9808 --- [    Test worker] t.c.s.AnnotationConfigContextLoaderUtils : Could not detect default configuration classes for test class [com.ktk.book.springboot.domain.posts.PostsRepositoryTest]: PostsRepositoryTest does not declare any static, non-private, non-final, nested classes annotated with @Configuration.
2021-04-09 19:27:19.327  INFO 9808 --- [    Test worker] .b.t.c.SpringBootTestContextBootstrapper : Found @SpringBootConfiguration com.ktk.book.springboot.Application for test class com.ktk.book.springboot.domain.posts.PostsRepositoryTest
2021-04-09 19:27:19.329  INFO 9808 --- [    Test worker] .b.t.c.SpringBootTestContextBootstrapper : Loaded default TestExecutionListener class names from location [META-INF/spring.factories]: [org.springframework.security.test.context.support.WithSecurityContextTestExecutionListener, org.springframework.security.test.context.support.ReactorContextTestExecutionListener, org.springframework.boot.test.autoconfigure.restdocs.RestDocsTestExecutionListener, org.springframework.boot.test.autoconfigure.web.client.MockRestServiceServerResetTestExecutionListener, org.springframework.boot.test.autoconfigure.web.servlet.MockMvcPrintOnlyOnFailureTestExecutionListener, org.springframework.boot.test.autoconfigure.web.servlet.WebDriverTestExecutionListener, org.springframework.boot.test.mock.mockito.MockitoTestExecutionListener, org.springframework.boot.test.mock.mockito.ResetMocksTestExecutionListener, org.springframework.test.context.web.ServletTestExecutionListener, org.springframework.test.context.support.DirtiesContextBeforeModesTestExecutionListener, org.springframework.test.context.support.DependencyInjectionTestExecutionListener, org.springframework.test.context.support.DirtiesContextTestExecutionListener, org.springframework.test.context.transaction.TransactionalTestExecutionListener, org.springframework.test.context.jdbc.SqlScriptsTestExecutionListener]
2021-04-09 19:27:19.330  INFO 9808 --- [    Test worker] .b.t.c.SpringBootTestContextBootstrapper : Using TestExecutionListeners: [org.springframework.test.context.web.ServletTestExecutionListener@61276e98, org.springframework.test.context.support.DirtiesContextBeforeModesTestExecutionListener@30c304aa, org.springframework.boot.test.mock.mockito.MockitoTestExecutionListener@496ce954, org.springframework.boot.test.autoconfigure.SpringBootDependencyInjectionTestExecutionListener@515431e0, org.springframework.test.context.support.DirtiesContextTestExecutionListener@b5dd6fc, org.springframework.test.context.transaction.TransactionalTestExecutionListener@23137569, org.springframework.test.context.jdbc.SqlScriptsTestExecutionListener@d9b1e16, org.springframework.security.test.context.support.WithSecurityContextTestExecutionListener@7d30e574, org.springframework.security.test.context.support.ReactorContextTestExecutionListener@18bf2618, org.springframework.boot.test.autoconfigure.restdocs.RestDocsTestExecutionListener@20bfb05b, org.springframework.boot.test.autoconfigure.web.client.MockRestServiceServerResetTestExecutionListener@758171f4, org.springframework.boot.test.autoconfigure.web.servlet.MockMvcPrintOnlyOnFailureTestExecutionListener@fe02175, org.springframework.boot.test.autoconfigure.web.servlet.WebDriverTestExecutionListener@6e0e4977, org.springframework.boot.test.mock.mockito.ResetMocksTestExecutionListener@33ee1185]

  .   ____          _            __ _ _
 /\\ / ___'_ __ _ _(_)_ __  __ _ \ \ \ \
( ( )\___ | '_ | '_| | '_ \/ _` | \ \ \ \
 \\/  ___)| |_)| | | | | || (_| |  ) ) ) )
  '  |____| .__|_| |_|_| |_\__, | / / / /
 =========|_|==============|___/=/_/_/_/
 :: Spring Boot ::        (v2.1.7.RELEASE)

2021-04-09 19:27:19.358  INFO 9808 --- [    Test worker] c.k.b.s.d.posts.PostsRepositoryTest      : Starting PostsRepositoryTest on DESKTOP-JVS2KDR with PID 9808 (started by king2 in D:\2019Intel)
2021-04-09 19:27:19.358  INFO 9808 --- [    Test worker] c.k.b.s.d.posts.PostsRepositoryTest      : The following profiles are active: oauth
2021-04-09 19:27:19.792  INFO 9808 --- [    Test worker] .s.d.r.c.RepositoryConfigurationDelegate : Bootstrapping Spring Data repositories in DEFAULT mode.
2021-04-09 19:27:19.858  INFO 9808 --- [    Test worker] .s.d.r.c.RepositoryConfigurationDelegate : Finished Spring Data repository scanning in 58ms. Found 2 repository interfaces.
2021-04-09 19:27:20.145  INFO 9808 --- [    Test worker] trationDelegate$BeanPostProcessorChecker : Bean 'org.springframework.transaction.annotation.ProxyTransactionManagementConfiguration' of type [org.springframework.transaction.annotation.ProxyTransactionManagementConfiguration$$EnhancerBySpringCGLIB$$1c000046] is not eligible for getting processed by all BeanPostProcessors (for example: not eligible for auto-proxying)
2021-04-09 19:27:20.337  INFO 9808 --- [    Test worker] com.zaxxer.hikari.HikariDataSource       : HikariPool-1 - Starting...
2021-04-09 19:27:20.534  INFO 9808 --- [    Test worker] com.zaxxer.hikari.HikariDataSource       : HikariPool-1 - Start completed.
2021-04-09 19:27:20.640  INFO 9808 --- [    Test worker] o.hibernate.jpa.internal.util.LogHelper  : HHH000204: Processing PersistenceUnitInfo [
	name: default
	...]
2021-04-09 19:27:20.739  INFO 9808 --- [    Test worker] org.hibernate.Version                    : HHH000412: Hibernate Core {5.3.10.Final}
2021-04-09 19:27:20.741  INFO 9808 --- [    Test worker] org.hibernate.cfg.Environment            : HHH000206: hibernate.properties not found
2021-04-09 19:27:20.811  INFO 9808 --- [    Test worker] o.hibernate.annotations.common.Version   : HCANN000001: Hibernate Commons Annotations {5.0.4.Final}
2021-04-09 19:27:20.976  INFO 9808 --- [    Test worker] org.hibernate.dialect.Dialect            : HHH000400: Using dialect: org.hibernate.dialect.MySQL5InnoDBDialect
Hibernate: drop table if exists posts
Hibernate: drop table if exists user
Hibernate: create table posts (id bigint not null auto_increment, created_date datetime, modified_date datetime, author varchar(255), content TEXT not null, title varchar(500) not null, primary key (id)) engine=InnoDB
Hibernate: create table user (id bigint not null auto_increment, created_date datetime, modified_date datetime, email varchar(255) not null, name varchar(255) not null, picture varchar(255), role varchar(255) not null, primary key (id)) engine=InnoDB
2021-04-09 19:27:21.964  INFO 9808 --- [    Test worker] o.h.t.schema.internal.SchemaCreatorImpl  : HHH000476: Executing import script 'org.hibernate.tool.schema.internal.exec.ScriptSourceInputNonExistentImpl@4db7a568'
2021-04-09 19:27:21.967  INFO 9808 --- [    Test worker] j.LocalContainerEntityManagerFactoryBean : Initialized JPA EntityManagerFactory for persistence unit 'default'
2021-04-09 19:27:22.557  INFO 9808 --- [    Test worker] o.h.h.i.QueryTranslatorFactoryInitiator  : HHH000397: Using ASTQueryTranslatorFactory
2021-04-09 19:27:22.958  INFO 9808 --- [    Test worker] o.s.s.web.DefaultSecurityFilterChain     : Creating filter chain: any request, [org.springframework.security.web.context.request.async.WebAsyncManagerIntegrationFilter@24dd6833, org.springframework.security.web.context.SecurityContextPersistenceFilter@6d6d4502, org.springframework.security.web.header.HeaderWriterFilter@67a299a3, org.springframework.security.web.authentication.logout.LogoutFilter@4dd4e506, org.springframework.security.oauth2.client.web.OAuth2AuthorizationRequestRedirectFilter@24757db6, org.springframework.security.oauth2.client.web.OAuth2LoginAuthenticationFilter@11da1154, org.springframework.security.web.authentication.ui.DefaultLoginPageGeneratingFilter@4a16fc13, org.springframework.security.web.authentication.ui.DefaultLogoutPageGeneratingFilter@bea3271, org.springframework.security.web.savedrequest.RequestCacheAwareFilter@3066b5dc, org.springframework.security.web.servletapi.SecurityContextHolderAwareRequestFilter@437a5df2, org.springframework.security.web.authentication.AnonymousAuthenticationFilter@4a7bc2e9, org.springframework.security.web.session.SessionManagementFilter@3787dc42, org.springframework.security.web.access.ExceptionTranslationFilter@3e0c7b48, org.springframework.security.web.access.intercept.FilterSecurityInterceptor@3f218d55]
2021-04-09 19:27:23.344  INFO 9808 --- [    Test worker] o.s.s.concurrent.ThreadPoolTaskExecutor  : Initializing ExecutorService 'applicationTaskExecutor'
2021-04-09 19:27:23.377  WARN 9808 --- [    Test worker] aWebConfiguration$JpaWebMvcConfiguration : spring.jpa.open-in-view is enabled by default. Therefore, database queries may be performed during view rendering. Explicitly configure spring.jpa.open-in-view to disable this warning
2021-04-09 19:27:23.436  INFO 9808 --- [    Test worker] o.s.b.a.w.s.WelcomePageHandlerMapping    : Adding welcome page template: index
2021-04-09 19:27:23.918  INFO 9808 --- [    Test worker] s.a.ScheduledAnnotationBeanPostProcessor : No TaskScheduler/ScheduledExecutorService bean found for scheduled processing
2021-04-09 19:27:23.927  INFO 9808 --- [    Test worker] c.k.b.s.d.posts.PostsRepositoryTest      : Started PostsRepositoryTest in 4.595 seconds (JVM running for 9.304)
Hibernate: insert into posts (created_date, modified_date, author, content, title) values (?, ?, ?, ?, ?)
Hibernate: select posts0_.id as id1_0_, posts0_.created_date as created_2_0_, posts0_.modified_date as modified3_0_, posts0_.author as author4_0_, posts0_.content as content5_0_, posts0_.title as title6_0_ from posts posts0_
Hibernate: select posts0_.id as id1_0_, posts0_.created_date as created_2_0_, posts0_.modified_date as modified3_0_, posts0_.author as author4_0_, posts0_.content as content5_0_, posts0_.title as title6_0_ from posts posts0_
Hibernate: delete from posts where id=?
Hibernate: insert into posts (created_date, modified_date, author, content, title) values (?, ?, ?, ?, ?)
Hibernate: select posts0_.id as id1_0_, posts0_.created_date as created_2_0_, posts0_.modified_date as modified3_0_, posts0_.author as author4_0_, posts0_.content as content5_0_, posts0_.title as title6_0_ from posts posts0_
>>>>>>>>>>>>>>> createDate = 2021-04-09T19:27:24.229, modifiedDate = 2021-04-09T19:27:24.229
Hibernate: select posts0_.id as id1_0_, posts0_.created_date as created_2_0_, posts0_.modified_date as modified3_0_, posts0_.author as author4_0_, posts0_.content as content5_0_, posts0_.title as title6_0_ from posts posts0_
Hibernate: delete from posts where id=?
]]></system-out>
  <system-err><![CDATA[]]></system-err>
</testsuite>
