<?xml version="1.0" encoding="UTF-8"?>
<testsuite name="com.ktk.book.springboot.web.HelloControllerTest" tests="2" skipped="0" failures="0" errors="0" timestamp="2021-04-09T10:27:19" hostname="DESKTOP-JVS2KDR" time="0.313">
  <properties/>
  <testcase name="hello가_리턴된다" classname="com.ktk.book.springboot.web.HelloControllerTest" time="0.239"/>
  <testcase name="helloDto가_리턴된다" classname="com.ktk.book.springboot.web.HelloControllerTest" time="0.073"/>
  <system-out><![CDATA[19:27:15.968 [Test worker] DEBUG org.springframework.test.context.junit4.SpringJUnit4ClassRunner - SpringJUnit4ClassRunner constructor called with [class com.ktk.book.springboot.web.HelloControllerTest]
19:27:15.975 [Test worker] DEBUG org.springframework.test.context.BootstrapUtils - Instantiating CacheAwareContextLoaderDelegate from class [org.springframework.test.context.cache.DefaultCacheAwareContextLoaderDelegate]
19:27:15.983 [Test worker] DEBUG org.springframework.test.context.BootstrapUtils - Instantiating BootstrapContext using constructor [public org.springframework.test.context.support.DefaultBootstrapContext(java.lang.Class,org.springframework.test.context.CacheAwareContextLoaderDelegate)]
19:27:16.004 [Test worker] DEBUG org.springframework.test.context.BootstrapUtils - Instantiating TestContextBootstrapper for test class [com.ktk.book.springboot.web.HelloControllerTest] from class [org.springframework.boot.test.autoconfigure.web.servlet.WebMvcTestContextBootstrapper]
19:27:16.024 [Test worker] INFO org.springframework.boot.test.autoconfigure.web.servlet.WebMvcTestContextBootstrapper - Neither @ContextConfiguration nor @ContextHierarchy found for test class [com.ktk.book.springboot.web.HelloControllerTest], using SpringBootContextLoader
19:27:16.028 [Test worker] DEBUG org.springframework.test.context.support.AbstractContextLoader - Did not detect default resource location for test class [com.ktk.book.springboot.web.HelloControllerTest]: class path resource [com/ktk/book/springboot/web/HelloControllerTest-context.xml] does not exist
19:27:16.029 [Test worker] DEBUG org.springframework.test.context.support.AbstractContextLoader - Did not detect default resource location for test class [com.ktk.book.springboot.web.HelloControllerTest]: class path resource [com/ktk/book/springboot/web/HelloControllerTestContext.groovy] does not exist
19:27:16.029 [Test worker] INFO org.springframework.test.context.support.AbstractContextLoader - Could not detect default resource locations for test class [com.ktk.book.springboot.web.HelloControllerTest]: no resource found for suffixes {-context.xml, Context.groovy}.
19:27:16.030 [Test worker] INFO org.springframework.test.context.support.AnnotationConfigContextLoaderUtils - Could not detect default configuration classes for test class [com.ktk.book.springboot.web.HelloControllerTest]: HelloControllerTest does not declare any static, non-private, non-final, nested classes annotated with @Configuration.
19:27:16.108 [Test worker] DEBUG org.springframework.test.context.support.ActiveProfilesUtils - Could not find an 'annotation declaring class' for annotation type [org.springframework.test.context.ActiveProfiles] and class [com.ktk.book.springboot.web.HelloControllerTest]
19:27:16.188 [Test worker] DEBUG org.springframework.context.annotation.ClassPathScanningCandidateComponentProvider - Identified candidate component class: file [D:\2019Intel\build\classes\java\main\com\ktk\book\springboot\Application.class]
19:27:16.190 [Test worker] INFO org.springframework.boot.test.context.SpringBootTestContextBootstrapper - Found @SpringBootConfiguration com.ktk.book.springboot.Application for test class com.ktk.book.springboot.web.HelloControllerTest
19:27:16.192 [Test worker] DEBUG org.springframework.boot.test.autoconfigure.web.servlet.WebMvcTestContextBootstrapper - @TestExecutionListeners is not present for class [com.ktk.book.springboot.web.HelloControllerTest]: using defaults.
19:27:16.192 [Test worker] INFO org.springframework.boot.test.autoconfigure.web.servlet.WebMvcTestContextBootstrapper - Loaded default TestExecutionListener class names from location [META-INF/spring.factories]: [org.springframework.security.test.context.support.WithSecurityContextTestExecutionListener, org.springframework.security.test.context.support.ReactorContextTestExecutionListener, org.springframework.boot.test.autoconfigure.restdocs.RestDocsTestExecutionListener, org.springframework.boot.test.autoconfigure.web.client.MockRestServiceServerResetTestExecutionListener, org.springframework.boot.test.autoconfigure.web.servlet.MockMvcPrintOnlyOnFailureTestExecutionListener, org.springframework.boot.test.autoconfigure.web.servlet.WebDriverTestExecutionListener, org.springframework.boot.test.mock.mockito.MockitoTestExecutionListener, org.springframework.boot.test.mock.mockito.ResetMocksTestExecutionListener, org.springframework.test.context.web.ServletTestExecutionListener, org.springframework.test.context.support.DirtiesContextBeforeModesTestExecutionListener, org.springframework.test.context.support.DependencyInjectionTestExecutionListener, org.springframework.test.context.support.DirtiesContextTestExecutionListener, org.springframework.test.context.transaction.TransactionalTestExecutionListener, org.springframework.test.context.jdbc.SqlScriptsTestExecutionListener]
19:27:16.217 [Test worker] INFO org.springframework.boot.test.autoconfigure.web.servlet.WebMvcTestContextBootstrapper - Using TestExecutionListeners: [org.springframework.test.context.web.ServletTestExecutionListener@2fc829af, org.springframework.test.context.support.DirtiesContextBeforeModesTestExecutionListener@6359917e, org.springframework.boot.test.mock.mockito.MockitoTestExecutionListener@3e628688, org.springframework.boot.test.autoconfigure.SpringBootDependencyInjectionTestExecutionListener@7f31867d, org.springframework.test.context.support.DirtiesContextTestExecutionListener@115a5d65, org.springframework.test.context.transaction.TransactionalTestExecutionListener@3e27fc51, org.springframework.test.context.jdbc.SqlScriptsTestExecutionListener@14db6bdb, org.springframework.security.test.context.support.WithSecurityContextTestExecutionListener@672a1553, org.springframework.security.test.context.support.ReactorContextTestExecutionListener@24d8dda6, org.springframework.boot.test.autoconfigure.restdocs.RestDocsTestExecutionListener@251c6818, org.springframework.boot.test.autoconfigure.web.client.MockRestServiceServerResetTestExecutionListener@6ad65ad3, org.springframework.boot.test.autoconfigure.web.servlet.MockMvcPrintOnlyOnFailureTestExecutionListener@5d615a57, org.springframework.boot.test.autoconfigure.web.servlet.WebDriverTestExecutionListener@3fb689b0, org.springframework.boot.test.mock.mockito.ResetMocksTestExecutionListener@792c6af6]
19:27:16.220 [Test worker] DEBUG org.springframework.test.annotation.ProfileValueUtils - Retrieved @ProfileValueSourceConfiguration [null] for test class [com.ktk.book.springboot.web.HelloControllerTest]
19:27:16.220 [Test worker] DEBUG org.springframework.test.annotation.ProfileValueUtils - Retrieved ProfileValueSource type [class org.springframework.test.annotation.SystemProfileValueSource] for class [com.ktk.book.springboot.web.HelloControllerTest]
19:27:16.221 [Test worker] DEBUG org.springframework.test.annotation.ProfileValueUtils - Retrieved @ProfileValueSourceConfiguration [null] for test class [com.ktk.book.springboot.web.HelloControllerTest]
19:27:16.221 [Test worker] DEBUG org.springframework.test.annotation.ProfileValueUtils - Retrieved ProfileValueSource type [class org.springframework.test.annotation.SystemProfileValueSource] for class [com.ktk.book.springboot.web.HelloControllerTest]
19:27:16.225 [Test worker] DEBUG org.springframework.test.context.support.AbstractDirtiesContextTestExecutionListener - Before test class: context [DefaultTestContext@5310e2e3 testClass = HelloControllerTest, testInstance = [null], testMethod = [null], testException = [null], mergedContextConfiguration = [WebMergedContextConfiguration@709039b0 testClass = HelloControllerTest, locations = '{}', classes = '{class com.ktk.book.springboot.Application}', contextInitializerClasses = '[]', activeProfiles = '{}', propertySourceLocations = '{}', propertySourceProperties = '{org.springframework.boot.test.autoconfigure.web.servlet.WebMvcTestContextBootstrapper=true}', contextCustomizers = set[org.springframework.boot.test.autoconfigure.OverrideAutoConfigurationContextCustomizerFactory$DisableAutoConfigurationContextCustomizer@394a2ea9, org.springframework.boot.test.autoconfigure.filter.TypeExcludeFiltersContextCustomizer@1c5b32f, org.springframework.boot.test.autoconfigure.properties.PropertyMappingContextCustomizer@ea4139cd, org.springframework.boot.test.autoconfigure.web.servlet.WebDriverContextCustomizerFactory$Customizer@211a6070, [ImportsContextCustomizer@7987a45b key = [org.springframework.boot.autoconfigure.cache.CacheAutoConfiguration, org.springframework.boot.autoconfigure.context.MessageSourceAutoConfiguration, org.springframework.boot.autoconfigure.data.web.SpringDataWebAutoConfiguration, org.springframework.boot.autoconfigure.freemarker.FreeMarkerAutoConfiguration, org.springframework.boot.autoconfigure.groovy.template.GroovyTemplateAutoConfiguration, org.springframework.boot.autoconfigure.gson.GsonAutoConfiguration, org.springframework.boot.autoconfigure.hateoas.HypermediaAutoConfiguration, org.springframework.boot.autoconfigure.http.HttpMessageConvertersAutoConfiguration, org.springframework.boot.autoconfigure.jackson.JacksonAutoConfiguration, org.springframework.boot.autoconfigure.jsonb.JsonbAutoConfiguration, org.springframework.boot.autoconfigure.mustache.MustacheAutoConfiguration, org.springframework.boot.autoconfigure.task.TaskExecutionAutoConfiguration, org.springframework.boot.autoconfigure.thymeleaf.ThymeleafAutoConfiguration, org.springframework.boot.autoconfigure.validation.ValidationAutoConfiguration, org.springframework.boot.autoconfigure.web.servlet.error.ErrorMvcAutoConfiguration, org.springframework.boot.autoconfigure.web.servlet.WebMvcAutoConfiguration, org.springframework.boot.test.autoconfigure.web.servlet.MockMvcAutoConfiguration, org.springframework.boot.test.autoconfigure.web.servlet.MockMvcSecurityAutoConfiguration, org.springframework.boot.test.autoconfigure.web.servlet.MockMvcWebClientAutoConfiguration, org.springframework.boot.test.autoconfigure.web.servlet.MockMvcWebDriverAutoConfiguration]], org.springframework.boot.test.context.filter.ExcludeFilterContextCustomizer@cfd8ebc, org.springframework.boot.test.json.DuplicateJsonObjectContextCustomizerFactory$DuplicateJsonObjectContextCustomizer@51ebc7b7, org.springframework.boot.test.mock.mockito.MockitoContextCustomizer@0], resourceBasePath = 'src/main/webapp', contextLoader = 'org.springframework.boot.test.context.SpringBootContextLoader', parent = [null]], attributes = map[[empty]]], class annotated with @DirtiesContext [false] with mode [null].
19:27:16.227 [Test worker] DEBUG org.springframework.test.annotation.ProfileValueUtils - Retrieved @ProfileValueSourceConfiguration [null] for test class [com.ktk.book.springboot.web.HelloControllerTest]
19:27:16.227 [Test worker] DEBUG org.springframework.test.annotation.ProfileValueUtils - Retrieved ProfileValueSource type [class org.springframework.test.annotation.SystemProfileValueSource] for class [com.ktk.book.springboot.web.HelloControllerTest]
19:27:16.231 [Test worker] DEBUG org.springframework.test.context.support.DependencyInjectionTestExecutionListener - Performing dependency injection for test context [[DefaultTestContext@5310e2e3 testClass = HelloControllerTest, testInstance = com.ktk.book.springboot.web.HelloControllerTest@247f649b, testMethod = [null], testException = [null], mergedContextConfiguration = [WebMergedContextConfiguration@709039b0 testClass = HelloControllerTest, locations = '{}', classes = '{class com.ktk.book.springboot.Application}', contextInitializerClasses = '[]', activeProfiles = '{}', propertySourceLocations = '{}', propertySourceProperties = '{org.springframework.boot.test.autoconfigure.web.servlet.WebMvcTestContextBootstrapper=true}', contextCustomizers = set[org.springframework.boot.test.autoconfigure.OverrideAutoConfigurationContextCustomizerFactory$DisableAutoConfigurationContextCustomizer@394a2ea9, org.springframework.boot.test.autoconfigure.filter.TypeExcludeFiltersContextCustomizer@1c5b32f, org.springframework.boot.test.autoconfigure.properties.PropertyMappingContextCustomizer@ea4139cd, org.springframework.boot.test.autoconfigure.web.servlet.WebDriverContextCustomizerFactory$Customizer@211a6070, [ImportsContextCustomizer@7987a45b key = [org.springframework.boot.autoconfigure.cache.CacheAutoConfiguration, org.springframework.boot.autoconfigure.context.MessageSourceAutoConfiguration, org.springframework.boot.autoconfigure.data.web.SpringDataWebAutoConfiguration, org.springframework.boot.autoconfigure.freemarker.FreeMarkerAutoConfiguration, org.springframework.boot.autoconfigure.groovy.template.GroovyTemplateAutoConfiguration, org.springframework.boot.autoconfigure.gson.GsonAutoConfiguration, org.springframework.boot.autoconfigure.hateoas.HypermediaAutoConfiguration, org.springframework.boot.autoconfigure.http.HttpMessageConvertersAutoConfiguration, org.springframework.boot.autoconfigure.jackson.JacksonAutoConfiguration, org.springframework.boot.autoconfigure.jsonb.JsonbAutoConfiguration, org.springframework.boot.autoconfigure.mustache.MustacheAutoConfiguration, org.springframework.boot.autoconfigure.task.TaskExecutionAutoConfiguration, org.springframework.boot.autoconfigure.thymeleaf.ThymeleafAutoConfiguration, org.springframework.boot.autoconfigure.validation.ValidationAutoConfiguration, org.springframework.boot.autoconfigure.web.servlet.error.ErrorMvcAutoConfiguration, org.springframework.boot.autoconfigure.web.servlet.WebMvcAutoConfiguration, org.springframework.boot.test.autoconfigure.web.servlet.MockMvcAutoConfiguration, org.springframework.boot.test.autoconfigure.web.servlet.MockMvcSecurityAutoConfiguration, org.springframework.boot.test.autoconfigure.web.servlet.MockMvcWebClientAutoConfiguration, org.springframework.boot.test.autoconfigure.web.servlet.MockMvcWebDriverAutoConfiguration]], org.springframework.boot.test.context.filter.ExcludeFilterContextCustomizer@cfd8ebc, org.springframework.boot.test.json.DuplicateJsonObjectContextCustomizerFactory$DuplicateJsonObjectContextCustomizer@51ebc7b7, org.springframework.boot.test.mock.mockito.MockitoContextCustomizer@0], resourceBasePath = 'src/main/webapp', contextLoader = 'org.springframework.boot.test.context.SpringBootContextLoader', parent = [null]], attributes = map[[empty]]]].
19:27:16.345 [Test worker] DEBUG org.springframework.test.context.support.TestPropertySourceUtils - Adding inlined properties to environment: {spring.jmx.enabled=false, org.springframework.boot.test.autoconfigure.web.servlet.WebMvcTestContextBootstrapper=true, server.port=-1}

  .   ____          _            __ _ _
 /\\ / ___'_ __ _ _(_)_ __  __ _ \ \ \ \
( ( )\___ | '_ | '_| | '_ \/ _` | \ \ \ \
 \\/  ___)| |_)| | | | | || (_| |  ) ) ) )
  '  |____| .__|_| |_|_| |_\__, | / / / /
 =========|_|==============|___/=/_/_/_/
 :: Spring Boot ::        (v2.1.7.RELEASE)

2021-04-09 19:27:16.631  INFO 9808 --- [    Test worker] c.k.b.s.web.HelloControllerTest          : Starting HelloControllerTest on DESKTOP-JVS2KDR with PID 9808 (started by king2 in D:\2019Intel)
2021-04-09 19:27:16.632  INFO 9808 --- [    Test worker] c.k.b.s.web.HelloControllerTest          : The following profiles are active: oauth
2021-04-09 19:27:18.176  INFO 9808 --- [    Test worker] o.s.s.concurrent.ThreadPoolTaskExecutor  : Initializing ExecutorService 'applicationTaskExecutor'
2021-04-09 19:27:18.284  INFO 9808 --- [    Test worker] o.s.b.a.w.s.WelcomePageHandlerMapping    : Adding welcome page template: index
2021-04-09 19:27:18.615  INFO 9808 --- [    Test worker] .s.s.UserDetailsServiceAutoConfiguration : 

Using generated security password: 74e9648c-1844-4335-a182-b21b99c01752

2021-04-09 19:27:18.894  INFO 9808 --- [    Test worker] o.s.s.web.DefaultSecurityFilterChain     : Creating filter chain: any request, [org.springframework.security.web.context.request.async.WebAsyncManagerIntegrationFilter@7989933c, org.springframework.security.web.context.SecurityContextPersistenceFilter@19c1f6e8, org.springframework.security.web.header.HeaderWriterFilter@7557baed, org.springframework.security.web.csrf.CsrfFilter@3ffb9cad, org.springframework.security.web.authentication.logout.LogoutFilter@45196521, org.springframework.security.web.authentication.UsernamePasswordAuthenticationFilter@1ee93d2e, org.springframework.security.web.authentication.ui.DefaultLoginPageGeneratingFilter@2e60c8f5, org.springframework.security.web.authentication.ui.DefaultLogoutPageGeneratingFilter@12252d31, org.springframework.security.web.authentication.www.BasicAuthenticationFilter@692607de, org.springframework.security.web.savedrequest.RequestCacheAwareFilter@5cf02a46, org.springframework.security.web.servletapi.SecurityContextHolderAwareRequestFilter@659dcc3, org.springframework.security.web.authentication.AnonymousAuthenticationFilter@2635a8f4, org.springframework.security.web.session.SessionManagementFilter@54634249, org.springframework.security.web.access.ExceptionTranslationFilter@67dc2ca5, org.springframework.security.web.access.intercept.FilterSecurityInterceptor@b217368]
2021-04-09 19:27:18.934  INFO 9808 --- [    Test worker] o.s.b.t.m.w.SpringBootMockServletContext : Initializing Spring TestDispatcherServlet ''
2021-04-09 19:27:18.935  INFO 9808 --- [    Test worker] o.s.t.web.servlet.TestDispatcherServlet  : Initializing Servlet ''
2021-04-09 19:27:18.949  INFO 9808 --- [    Test worker] o.s.t.web.servlet.TestDispatcherServlet  : Completed initialization in 14 ms
2021-04-09 19:27:18.994  INFO 9808 --- [    Test worker] c.k.b.s.web.HelloControllerTest          : Started HelloControllerTest in 2.641 seconds (JVM running for 4.37)
]]></system-out>
  <system-err><![CDATA[]]></system-err>
</testsuite>
