<?xml version="1.0" encoding="UTF-8"?>
<testsuite name="com.ktk.book.springboot.web.dto.HelloResponseDtoTest" tests="1" skipped="0" failures="0" errors="0" timestamp="2021-04-09T10:27:24" hostname="DESKTOP-JVS2KDR" time="0.003">
  <properties/>
  <testcase name="롬복_기능_테스트" classname="com.ktk.book.springboot.web.dto.HelloResponseDtoTest" time="0.003"/>
  <system-out><![CDATA[]]></system-out>
  <system-err><![CDATA[]]></system-err>
</testsuite>
