<?xml version="1.0" encoding="UTF-8"?>
<testsuite name="com.ktk.book.springboot.web.IndexControllerTest" tests="1" skipped="0" failures="0" errors="0" timestamp="2021-04-09T10:27:26" hostname="DESKTOP-JVS2KDR" time="0.184">
  <properties/>
  <testcase name="메인페이지_로딩" classname="com.ktk.book.springboot.web.IndexControllerTest" time="0.184"/>
  <system-out><![CDATA[2021-04-09 19:27:24.248  INFO 9808 --- [    Test worker] .b.t.c.SpringBootTestContextBootstrapper : Neither @ContextConfiguration nor @ContextHierarchy found for test class [com.ktk.book.springboot.web.IndexControllerTest], using SpringBootContextLoader
2021-04-09 19:27:24.248  INFO 9808 --- [    Test worker] o.s.t.c.support.AbstractContextLoader    : Could not detect default resource locations for test class [com.ktk.book.springboot.web.IndexControllerTest]: no resource found for suffixes {-context.xml, Context.groovy}.
2021-04-09 19:27:24.248  INFO 9808 --- [    Test worker] t.c.s.AnnotationConfigContextLoaderUtils : Could not detect default configuration classes for test class [com.ktk.book.springboot.web.IndexControllerTest]: IndexControllerTest does not declare any static, non-private, non-final, nested classes annotated with @Configuration.
2021-04-09 19:27:24.249  INFO 9808 --- [    Test worker] .b.t.c.SpringBootTestContextBootstrapper : Found @SpringBootConfiguration com.ktk.book.springboot.Application for test class com.ktk.book.springboot.web.IndexControllerTest
2021-04-09 19:27:24.251  INFO 9808 --- [    Test worker] .b.t.c.SpringBootTestContextBootstrapper : Loaded default TestExecutionListener class names from location [META-INF/spring.factories]: [org.springframework.security.test.context.support.WithSecurityContextTestExecutionListener, org.springframework.security.test.context.support.ReactorContextTestExecutionListener, org.springframework.boot.test.autoconfigure.restdocs.RestDocsTestExecutionListener, org.springframework.boot.test.autoconfigure.web.client.MockRestServiceServerResetTestExecutionListener, org.springframework.boot.test.autoconfigure.web.servlet.MockMvcPrintOnlyOnFailureTestExecutionListener, org.springframework.boot.test.autoconfigure.web.servlet.WebDriverTestExecutionListener, org.springframework.boot.test.mock.mockito.MockitoTestExecutionListener, org.springframework.boot.test.mock.mockito.ResetMocksTestExecutionListener, org.springframework.test.context.web.ServletTestExecutionListener, org.springframework.test.context.support.DirtiesContextBeforeModesTestExecutionListener, org.springframework.test.context.support.DependencyInjectionTestExecutionListener, org.springframework.test.context.support.DirtiesContextTestExecutionListener, org.springframework.test.context.transaction.TransactionalTestExecutionListener, org.springframework.test.context.jdbc.SqlScriptsTestExecutionListener]
2021-04-09 19:27:24.252  INFO 9808 --- [    Test worker] .b.t.c.SpringBootTestContextBootstrapper : Using TestExecutionListeners: [org.springframework.test.context.web.ServletTestExecutionListener@7ce91167, org.springframework.test.context.support.DirtiesContextBeforeModesTestExecutionListener@71461aaf, org.springframework.boot.test.mock.mockito.MockitoTestExecutionListener@472cdb98, org.springframework.boot.test.autoconfigure.SpringBootDependencyInjectionTestExecutionListener@4c9432e9, org.springframework.test.context.support.DirtiesContextTestExecutionListener@78c27035, org.springframework.test.context.transaction.TransactionalTestExecutionListener@39108ee0, org.springframework.test.context.jdbc.SqlScriptsTestExecutionListener@18c16241, org.springframework.security.test.context.support.WithSecurityContextTestExecutionListener@752f18ca, org.springframework.security.test.context.support.ReactorContextTestExecutionListener@1e079d82, org.springframework.boot.test.autoconfigure.restdocs.RestDocsTestExecutionListener@23dd672c, org.springframework.boot.test.autoconfigure.web.client.MockRestServiceServerResetTestExecutionListener@301dda7c, org.springframework.boot.test.autoconfigure.web.servlet.MockMvcPrintOnlyOnFailureTestExecutionListener@3d797dfd, org.springframework.boot.test.autoconfigure.web.servlet.WebDriverTestExecutionListener@1f300c5d, org.springframework.boot.test.mock.mockito.ResetMocksTestExecutionListener@571cec90]

  .   ____          _            __ _ _
 /\\ / ___'_ __ _ _(_)_ __  __ _ \ \ \ \
( ( )\___ | '_ | '_| | '_ \/ _` | \ \ \ \
 \\/  ___)| |_)| | | | | || (_| |  ) ) ) )
  '  |____| .__|_| |_|_| |_\__, | / / / /
 =========|_|==============|___/=/_/_/_/
 :: Spring Boot ::        (v2.1.7.RELEASE)

2021-04-09 19:27:24.290  INFO 9808 --- [    Test worker] c.k.b.s.web.IndexControllerTest          : Starting IndexControllerTest on DESKTOP-JVS2KDR with PID 9808 (started by king2 in D:\2019Intel)
2021-04-09 19:27:24.290  INFO 9808 --- [    Test worker] c.k.b.s.web.IndexControllerTest          : The following profiles are active: oauth
2021-04-09 19:27:24.533  INFO 9808 --- [    Test worker] .s.d.r.c.RepositoryConfigurationDelegate : Bootstrapping Spring Data repositories in DEFAULT mode.
2021-04-09 19:27:24.552  INFO 9808 --- [    Test worker] .s.d.r.c.RepositoryConfigurationDelegate : Finished Spring Data repository scanning in 19ms. Found 2 repository interfaces.
2021-04-09 19:27:24.677  INFO 9808 --- [    Test worker] trationDelegate$BeanPostProcessorChecker : Bean 'org.springframework.transaction.annotation.ProxyTransactionManagementConfiguration' of type [org.springframework.transaction.annotation.ProxyTransactionManagementConfiguration$$EnhancerBySpringCGLIB$$1c000046] is not eligible for getting processed by all BeanPostProcessors (for example: not eligible for auto-proxying)
2021-04-09 19:27:24.941  INFO 9808 --- [    Test worker] o.s.b.w.embedded.tomcat.TomcatWebServer  : Tomcat initialized with port(s): 0 (http)
2021-04-09 19:27:24.981  INFO 9808 --- [    Test worker] o.apache.catalina.core.StandardService   : Starting service [Tomcat]
2021-04-09 19:27:24.982  INFO 9808 --- [    Test worker] org.apache.catalina.core.StandardEngine  : Starting Servlet engine: [Apache Tomcat/9.0.22]
2021-04-09 19:27:25.224  INFO 9808 --- [    Test worker] o.a.c.c.C.[Tomcat].[localhost].[/]       : Initializing Spring embedded WebApplicationContext
2021-04-09 19:27:25.224  INFO 9808 --- [    Test worker] o.s.web.context.ContextLoader            : Root WebApplicationContext: initialization completed in 932 ms
2021-04-09 19:27:25.502  INFO 9808 --- [    Test worker] com.zaxxer.hikari.HikariDataSource       : HikariPool-2 - Starting...
2021-04-09 19:27:25.503  INFO 9808 --- [    Test worker] com.zaxxer.hikari.HikariDataSource       : HikariPool-2 - Start completed.
2021-04-09 19:27:25.558  INFO 9808 --- [    Test worker] o.hibernate.jpa.internal.util.LogHelper  : HHH000204: Processing PersistenceUnitInfo [
	name: default
	...]
2021-04-09 19:27:25.571  INFO 9808 --- [    Test worker] org.hibernate.dialect.Dialect            : HHH000400: Using dialect: org.hibernate.dialect.MySQL5InnoDBDialect
Hibernate: drop table if exists posts
Hibernate: drop table if exists user
Hibernate: create table posts (id bigint not null auto_increment, created_date datetime, modified_date datetime, author varchar(255), content TEXT not null, title varchar(500) not null, primary key (id)) engine=InnoDB
Hibernate: create table user (id bigint not null auto_increment, created_date datetime, modified_date datetime, email varchar(255) not null, name varchar(255) not null, picture varchar(255), role varchar(255) not null, primary key (id)) engine=InnoDB
2021-04-09 19:27:25.667  INFO 9808 --- [    Test worker] o.h.t.schema.internal.SchemaCreatorImpl  : HHH000476: Executing import script 'org.hibernate.tool.schema.internal.exec.ScriptSourceInputNonExistentImpl@4db7a568'
2021-04-09 19:27:25.668  INFO 9808 --- [    Test worker] j.LocalContainerEntityManagerFactoryBean : Initialized JPA EntityManagerFactory for persistence unit 'default'
2021-04-09 19:27:26.023  INFO 9808 --- [    Test worker] o.h.h.i.QueryTranslatorFactoryInitiator  : HHH000397: Using ASTQueryTranslatorFactory
2021-04-09 19:27:26.179  INFO 9808 --- [    Test worker] o.s.s.web.DefaultSecurityFilterChain     : Creating filter chain: any request, [org.springframework.security.web.context.request.async.WebAsyncManagerIntegrationFilter@706ab171, org.springframework.security.web.context.SecurityContextPersistenceFilter@65879bd3, org.springframework.security.web.header.HeaderWriterFilter@10ae9cd, org.springframework.security.web.authentication.logout.LogoutFilter@51b2159a, org.springframework.security.oauth2.client.web.OAuth2AuthorizationRequestRedirectFilter@49871c07, org.springframework.security.oauth2.client.web.OAuth2LoginAuthenticationFilter@2a1a9c76, org.springframework.security.web.authentication.ui.DefaultLoginPageGeneratingFilter@8325e4c, org.springframework.security.web.authentication.ui.DefaultLogoutPageGeneratingFilter@28468d74, org.springframework.security.web.savedrequest.RequestCacheAwareFilter@69ea31b9, org.springframework.security.web.servletapi.SecurityContextHolderAwareRequestFilter@3f78f9c8, org.springframework.security.web.authentication.AnonymousAuthenticationFilter@59d0db5f, org.springframework.security.web.session.SessionManagementFilter@3090fda6, org.springframework.security.web.access.ExceptionTranslationFilter@651d3f8d, org.springframework.security.web.access.intercept.FilterSecurityInterceptor@6d46a65e]
2021-04-09 19:27:26.366  INFO 9808 --- [    Test worker] o.s.s.concurrent.ThreadPoolTaskExecutor  : Initializing ExecutorService 'applicationTaskExecutor'
2021-04-09 19:27:26.381  WARN 9808 --- [    Test worker] aWebConfiguration$JpaWebMvcConfiguration : spring.jpa.open-in-view is enabled by default. Therefore, database queries may be performed during view rendering. Explicitly configure spring.jpa.open-in-view to disable this warning
2021-04-09 19:27:26.408  INFO 9808 --- [    Test worker] o.s.b.a.w.s.WelcomePageHandlerMapping    : Adding welcome page template: index
2021-04-09 19:27:26.678  INFO 9808 --- [    Test worker] s.a.ScheduledAnnotationBeanPostProcessor : No TaskScheduler/ScheduledExecutorService bean found for scheduled processing
2021-04-09 19:27:26.698  INFO 9808 --- [    Test worker] o.s.b.w.embedded.tomcat.TomcatWebServer  : Tomcat started on port(s): 8202 (http) with context path ''
2021-04-09 19:27:26.698  INFO 9808 --- [    Test worker] c.k.b.s.web.IndexControllerTest          : Started IndexControllerTest in 2.443 seconds (JVM running for 12.075)
2021-04-09 19:27:26.785  INFO 9808 --- [o-auto-1-exec-1] o.a.c.c.C.[Tomcat].[localhost].[/]       : Initializing Spring DispatcherServlet 'dispatcherServlet'
2021-04-09 19:27:26.786  INFO 9808 --- [o-auto-1-exec-1] o.s.web.servlet.DispatcherServlet        : Initializing Servlet 'dispatcherServlet'
2021-04-09 19:27:26.812  INFO 9808 --- [o-auto-1-exec-1] o.s.web.servlet.DispatcherServlet        : Completed initialization in 26 ms
Hibernate: select posts0_.id as id1_0_, posts0_.created_date as created_2_0_, posts0_.modified_date as modified3_0_, posts0_.author as author4_0_, posts0_.content as content5_0_, posts0_.title as title6_0_ from posts posts0_ order by posts0_.id DESC
]]></system-out>
  <system-err><![CDATA[]]></system-err>
</testsuite>
